Apr 11, 2016 11:37:45 PM tnote.storage.DirectoryHandler <init>
INFO: DirectoryHandler created
Apr 11, 2016 11:37:45 PM tnote.storage.FileWriteHandler <init>
INFO: WriteHandler created
Apr 11, 2016 11:37:45 PM tnote.storage.FileReadHandler <init>
INFO: FileReadHandler created
Apr 11, 2016 11:37:45 PM tnote.storage.MasterFileHandler <init>
INFO: MasterFileHandler created
Apr 11, 2016 11:37:45 PM tnote.storage.DirectoryHandler appendParentDirectory
INFO: File path: C:\TNote\overview
Apr 11, 2016 11:37:45 PM tnote.storage.DirectoryHandler createDirectory
INFO: C:\TNote\overview directory exists
Apr 11, 2016 11:37:45 PM tnote.storage.MasterFileHandler createOverviewFolder
INFO: Overview folder C:\TNote\overview created
Apr 11, 2016 11:37:45 PM tnote.storage.DirectoryHandler addDirectoryToFile
INFO: File path: C:\TNote\overview\masterfile.txt
Apr 11, 2016 11:37:45 PM tnote.storage.DirectoryHandler createFile
INFO: C:\TNote\overview\masterfile.txt file exists
Apr 11, 2016 11:37:45 PM tnote.storage.MasterFileHandler createAnOverviewFile
INFO: Overview file C:\TNote\overview\masterfile.txt created
Apr 11, 2016 11:37:45 PM tnote.storage.DirectoryHandler addDirectoryToFile
INFO: File path: C:\TNote\overview\floatingtasks.txt
Apr 11, 2016 11:37:45 PM tnote.storage.DirectoryHandler createFile
INFO: C:\TNote\overview\floatingtasks.txt file exists
Apr 11, 2016 11:37:45 PM tnote.storage.MasterFileHandler createAnOverviewFile
INFO: Overview file C:\TNote\overview\floatingtasks.txt created
Apr 11, 2016 11:37:45 PM tnote.storage.DirectoryHandler addDirectoryToFile
INFO: File path: C:\TNote\overview\fileToFolderMapping.txt
Apr 11, 2016 11:37:45 PM tnote.storage.DirectoryHandler createFile
INFO: C:\TNote\overview\fileToFolderMapping.txt file exists
Apr 11, 2016 11:37:45 PM tnote.storage.MasterFileHandler createAnOverviewFile
INFO: Overview file C:\TNote\overview\fileToFolderMapping.txt created
Apr 11, 2016 11:37:45 PM tnote.storage.DirectoryHandler addDirectoryToFile
INFO: File path: C:\TNote\overview\recurringTaskStartDates.txt
Apr 11, 2016 11:37:45 PM tnote.storage.DirectoryHandler createFile
INFO: C:\TNote\overview\recurringTaskStartDates.txt file exists
Apr 11, 2016 11:37:45 PM tnote.storage.MasterFileHandler createAnOverviewFile
INFO: Overview file C:\TNote\overview\recurringTaskStartDates.txt created
Apr 11, 2016 11:37:45 PM tnote.storage.DirectoryHandler addDirectoryToFile
INFO: File path: C:\TNote\overview\recurringTaskEndDates.txt
Apr 11, 2016 11:37:45 PM tnote.storage.DirectoryHandler createFile
INFO: C:\TNote\overview\recurringTaskEndDates.txt file exists
Apr 11, 2016 11:37:45 PM tnote.storage.MasterFileHandler createAnOverviewFile
INFO: Overview file C:\TNote\overview\recurringTaskEndDates.txt created
Apr 11, 2016 11:37:45 PM tnote.storage.MasterFileHandler setUpStorage
INFO: Master Files created
Apr 11, 2016 11:37:45 PM tnote.storage.TaskHandler <init>
INFO: TaskHandler created
Apr 11, 2016 11:37:45 PM tnote.storage.TNotesStorage <init>
INFO: TNoteStorage setup complete
Apr 11, 2016 11:37:45 PM tnote.storage.FileReadHandler readListFile
INFO: Successfully read from C:\TNote\overview\masterfile.txt
Apr 11, 2016 11:37:45 PM tnote.ui.TNotesUI <init>
INFO: Entered TNotesUI constructor
Apr 11, 2016 11:37:45 PM tnote.ui.TNotesUI displayMain
INFO: Display main screen is called
Apr 11, 2016 11:37:45 PM tnote.storage.FileReadHandler readListFile
INFO: Successfully read from C:\TNote\overview\masterfile.txt
Apr 11, 2016 11:37:45 PM tnote.storage.FileReadHandler readFolderMapFile
INFO: Successfully read from C:\TNote\overview\fileToFolderMapping.txt
Apr 11, 2016 11:37:45 PM tnote.storage.TaskHandler getOverdueTasks
INFO: overdue tasks: []
Apr 11, 2016 11:37:45 PM tnote.ui.TNotesUI displayOverdueTasks
INFO: Display overdue tasks is called
Apr 11, 2016 11:37:45 PM tnote.storage.FileReadHandler readListFile
INFO: Successfully read from C:\TNote\overview\floatingtasks.txt
Apr 11, 2016 11:37:48 PM tnote.parser.TNotesParserTime checkTime
WARNING: Warning in check time
Apr 11, 2016 11:37:48 PM tnote.parser.TNotesParserTime checkTime
WARNING: Warning in check time
Apr 11, 2016 11:37:48 PM tnote.parser.TNotesParserTime checkTime
WARNING: Warning in check time
Apr 11, 2016 11:37:48 PM tnote.parser.TNotesParserTime checkTime
WARNING: Warning in check time
Apr 11, 2016 11:37:48 PM tnote.parser.TNotesParserAdd addCommand
INFO: test Warning in parser command add
Apr 11, 2016 11:37:48 PM tnote.parser.TNotesParser checkCommand
WARNING: test Warning in parser command
Apr 11, 2016 11:37:48 PM tnote.ui.TNotesUI executeCommand
INFO: Parsed sucessfully
Apr 11, 2016 11:37:48 PM tnote.ui.TNotesUI executeCommand
INFO: Check command: add
Apr 11, 2016 11:37:48 PM tnote.logic.CommandAdd addTask
INFO: addcheck [floating]
Apr 11, 2016 11:37:48 PM tnote.storage.FileReadHandler readListFile
INFO: Successfully read from C:\TNote\overview\masterfile.txt
Apr 11, 2016 11:37:48 PM tnote.logic.CommandAdd addTask
INFO: addcheck []
Apr 11, 2016 11:37:48 PM tnote.object.TaskFile setUpDates
INFO: Dates set up for floating
Apr 11, 2016 11:37:48 PM tnote.object.TaskFile setUpCal
INFO: Calendars set up for task floating
Apr 11, 2016 11:37:48 PM tnote.object.TaskFile setTypeOfTask
INFO: Task type set up complete for task floating
Apr 11, 2016 11:37:48 PM tnote.object.TaskFile setUpTaskFile
INFO: task floating is set up
Apr 11, 2016 11:37:48 PM tnote.storage.TaskHandler checkInvalidFileName
INFO: task name floating is valid
Apr 11, 2016 11:37:48 PM tnote.storage.FileReadHandler readListFile
INFO: Successfully read from C:\TNote\overview\masterfile.txt
Apr 11, 2016 11:37:48 PM tnote.storage.FileReadHandler readFolderMapFile
INFO: Successfully read from C:\TNote\overview\fileToFolderMapping.txt
Apr 11, 2016 11:37:48 PM tnote.storage.TaskHandler retrieveFolderName
INFO: floating is the month folder for floating
Apr 11, 2016 11:37:48 PM tnote.storage.FileWriteHandler writeNameToListFile
INFO: floating appended to C:\TNote\overview\masterfile.txt
Apr 11, 2016 11:37:48 PM tnote.storage.FileWriteHandler clearFile
INFO: C:\TNote\overview\fileToFolderMapping.txt clear successfully
Apr 11, 2016 11:37:48 PM tnote.storage.MasterFileHandler writeToMonthMapFile
INFO: Month file C:\TNote\overview\fileToFolderMapping.txt is empty and can be written to
Apr 11, 2016 11:37:48 PM tnote.storage.FileWriteHandler writeToMonthMapFile
INFO: C:\TNote\overview\fileToFolderMapping.txt successfully updated
Apr 11, 2016 11:37:48 PM tnote.storage.DirectoryHandler appendParentDirectory
INFO: File path: C:\TNote\floating
Apr 11, 2016 11:37:48 PM tnote.storage.TaskHandler createTaskFile
INFO: Task folder C:\TNote\floating created
Apr 11, 2016 11:37:48 PM tnote.storage.DirectoryHandler addDirectoryToFile
INFO: File path: C:\TNote\floating\floating.txt
Apr 11, 2016 11:37:48 PM tnote.storage.TaskHandler createTaskFile
INFO: Task C:\TNote\floating\floating.txt created
Apr 11, 2016 11:37:48 PM tnote.storage.FileWriteHandler writeTaskToTextFile
INFO: floating is saved in text file C:\TNote\floating\floating.txt
Apr 11, 2016 11:37:48 PM tnote.storage.FileWriteHandler writeNameToListFile
INFO: floating appended to C:\TNote\overview\floatingtasks.txt
Apr 11, 2016 11:37:48 PM tnote.storage.FileReadHandler readListFile
INFO: Successfully read from C:\TNote\overview\masterfile.txt
Apr 11, 2016 11:37:48 PM tnote.storage.FileReadHandler readFolderMapFile
INFO: Successfully read from C:\TNote\overview\fileToFolderMapping.txt
Apr 11, 2016 11:37:48 PM tnote.storage.TaskHandler checkInvalidFileName
INFO: task name floating is valid
Apr 11, 2016 11:37:48 PM tnote.storage.DirectoryHandler appendParentDirectory
INFO: File path: C:\TNote\floating
Apr 11, 2016 11:37:48 PM tnote.storage.DirectoryHandler addDirectoryToFile
INFO: File path: C:\TNote\floating\floating.txt
Apr 11, 2016 11:37:48 PM tnote.storage.TaskHandler getTaskFilePath
INFO: C:\TNote\floating\floating.txt is found
Apr 11, 2016 11:37:48 PM tnote.storage.FileReadHandler readTaskTextFile
INFO: Successfully read from C:\TNote\floating\floating.txt
Apr 11, 2016 11:37:48 PM tnote.object.TaskFile setUpDates
INFO: Dates set up for floating
Apr 11, 2016 11:37:48 PM tnote.object.TaskFile setUpCal
INFO: Calendars set up for task floating
Apr 11, 2016 11:37:48 PM tnote.object.TaskFile setTypeOfTask
INFO: Task type set up complete for task floating
Apr 11, 2016 11:37:48 PM tnote.object.TaskFile setUpTaskFile
INFO: task floating is set up
Apr 11, 2016 11:37:48 PM tnote.storage.TaskHandler getOverdueTasks
INFO: overdue tasks: []
Apr 11, 2016 11:37:48 PM tnote.ui.TNotesUI displayOverdueTasks
INFO: Display overdue tasks is called
Apr 11, 2016 11:37:48 PM tnote.storage.FileReadHandler readListFile
INFO: Successfully read from C:\TNote\overview\floatingtasks.txt
Apr 11, 2016 11:37:48 PM tnote.storage.FileReadHandler readListFile
INFO: Successfully read from C:\TNote\overview\floatingtasks.txt
Apr 11, 2016 11:37:48 PM tnote.storage.FileReadHandler readListFile
INFO: Successfully read from C:\TNote\overview\masterfile.txt
Apr 11, 2016 11:37:48 PM tnote.storage.FileReadHandler readFolderMapFile
INFO: Successfully read from C:\TNote\overview\fileToFolderMapping.txt
Apr 11, 2016 11:37:48 PM tnote.storage.TaskHandler checkInvalidFileName
INFO: task name floating is valid
Apr 11, 2016 11:37:48 PM tnote.storage.DirectoryHandler appendParentDirectory
INFO: File path: C:\TNote\floating
Apr 11, 2016 11:37:48 PM tnote.storage.DirectoryHandler addDirectoryToFile
INFO: File path: C:\TNote\floating\floating.txt
Apr 11, 2016 11:37:48 PM tnote.storage.TaskHandler getTaskFilePath
INFO: C:\TNote\floating\floating.txt is found
Apr 11, 2016 11:37:48 PM tnote.storage.FileReadHandler readTaskTextFile
INFO: Successfully read from C:\TNote\floating\floating.txt
Apr 11, 2016 11:37:48 PM tnote.object.TaskFile setUpDates
INFO: Dates set up for floating
Apr 11, 2016 11:37:48 PM tnote.object.TaskFile setUpCal
INFO: Calendars set up for task floating
Apr 11, 2016 11:37:48 PM tnote.object.TaskFile setTypeOfTask
INFO: Task type set up complete for task floating
Apr 11, 2016 11:37:48 PM tnote.object.TaskFile setUpTaskFile
INFO: task floating is set up
Apr 11, 2016 11:37:48 PM tnote.ui.TNotesUI displayFloats
INFO: Display notes is called
Apr 11, 2016 11:37:48 PM tnote.ui.TNotesUI displayMain
INFO: Display main screen is called
Apr 11, 2016 11:37:52 PM tnote.parser.TNotesParserTime checkTime
WARNING: Warning in check time
Apr 11, 2016 11:37:52 PM tnote.parser.TNotesParserTime checkTime
WARNING: Warning in check time
Apr 11, 2016 11:37:52 PM tnote.parser.TNotesParserTime checkTime
WARNING: Warning in check time
Apr 11, 2016 11:37:52 PM tnote.parser.TNotesParserTime compareTimeFormat
WARNING: Warning in check time
Apr 11, 2016 11:37:52 PM tnote.parser.TNotesParserTime compareTimeFormat
WARNING: Warning in check time
Apr 11, 2016 11:37:52 PM tnote.parser.TNotesParserTime compareTimeFormat
WARNING: Warning in check time
Apr 11, 2016 11:37:52 PM tnote.parser.TNotesParserTime compareTimeFormat
WARNING: Warning in check time
Apr 11, 2016 11:37:52 PM tnote.parser.TNotesParserTime compareTimeFormat
WARNING: Warning in check time
Apr 11, 2016 11:37:52 PM tnote.parser.TNotesParserTime compareTimeFormat
WARNING: Warning in check time
Apr 11, 2016 11:37:52 PM tnote.parser.TNotesParserTime compareTimeFormat
WARNING: Warning in check time
Apr 11, 2016 11:37:52 PM tnote.parser.TNotesParserTime compareTimeFormat
WARNING: Warning in check time
Apr 11, 2016 11:37:52 PM tnote.parser.TNotesParserTime compareTimeFormat
WARNING: Warning in check time
Apr 11, 2016 11:37:52 PM tnote.parser.TNotesParserTime compareTimeFormat
WARNING: Warning in check time
Apr 11, 2016 11:37:52 PM tnote.parser.TNotesParserTime compareTimeFormat
WARNING: Warning in check time
Apr 11, 2016 11:37:52 PM tnote.parser.TNotesParserTime compareTimeFormat
WARNING: Warning in check time
Apr 11, 2016 11:37:52 PM tnote.parser.TNotesParserTime compareTimeFormat
WARNING: Warning in check time
Apr 11, 2016 11:37:52 PM tnote.parser.TNotesParserTime compareTimeFormat
WARNING: Warning in check time
Apr 11, 2016 11:37:52 PM tnote.parser.TNotesParserTime compareTimeFormat
WARNING: Warning in check time
Apr 11, 2016 11:37:52 PM tnote.parser.TNotesParserTime compareTimeFormat
WARNING: Warning in check time
Apr 11, 2016 11:37:52 PM tnote.parser.TNotesParserTime checkTime
WARNING: Warning in check time
Apr 11, 2016 11:37:52 PM tnote.parser.TNotesParserTime checkTime
WARNING: Warning in check time
Apr 11, 2016 11:37:52 PM tnote.parser.TNotesParserTime checkTime
WARNING: Warning in check time
Apr 11, 2016 11:37:52 PM tnote.parser.TNotesParserDate formatWeekDay
WARNING: test Warning in parser command date
Apr 11, 2016 11:37:52 PM tnote.parser.TNotesParserDate formatMonth
WARNING: test Warning in parser command date
Apr 11, 2016 11:37:52 PM tnote.parser.TNotesParserTime compareTimeFormat
WARNING: Warning in check time
Apr 11, 2016 11:37:52 PM tnote.parser.TNotesParserTime compareTimeFormat
WARNING: Warning in check time
Apr 11, 2016 11:37:52 PM tnote.parser.TNotesParserTime compareTimeFormat
WARNING: Warning in check time
Apr 11, 2016 11:37:52 PM tnote.parser.TNotesParserTime compareTimeFormat
WARNING: Warning in check time
Apr 11, 2016 11:37:52 PM tnote.parser.TNotesParserTime compareTimeFormat
WARNING: Warning in check time
Apr 11, 2016 11:37:52 PM tnote.parser.TNotesParserTime compareTimeFormat
WARNING: Warning in check time
Apr 11, 2016 11:37:52 PM tnote.parser.TNotesParserTime compareTimeFormat
WARNING: Warning in check time
Apr 11, 2016 11:37:52 PM tnote.parser.TNotesParserTime compareTimeFormat
WARNING: Warning in check time
Apr 11, 2016 11:37:52 PM tnote.parser.TNotesParserTime compareTimeFormat
WARNING: Warning in check time
Apr 11, 2016 11:37:52 PM tnote.parser.TNotesParserTime compareTimeFormat
WARNING: Warning in check time
Apr 11, 2016 11:37:52 PM tnote.parser.TNotesParserTime compareTimeFormat
WARNING: Warning in check time
Apr 11, 2016 11:37:52 PM tnote.parser.TNotesParserTime compareTimeFormat
WARNING: Warning in check time
Apr 11, 2016 11:37:52 PM tnote.parser.TNotesParserTime compareTimeFormat
WARNING: Warning in check time
Apr 11, 2016 11:37:52 PM tnote.parser.TNotesParserTime compareTimeFormat
WARNING: Warning in check time
Apr 11, 2016 11:37:52 PM tnote.parser.TNotesParserTime compareTimeFormat
WARNING: Warning in check time
Apr 11, 2016 11:37:52 PM tnote.parser.TNotesParserTime compareTimeFormat
WARNING: Warning in check time
Apr 11, 2016 11:37:52 PM tnote.parser.TNotesParserDate formatWeekDay
WARNING: test Warning in parser command date
Apr 11, 2016 11:37:52 PM tnote.parser.TNotesParserDate formatMonth
WARNING: test Warning in parser command date
Apr 11, 2016 11:37:52 PM tnote.parser.TNotesParserTime compareTimeFormat
WARNING: Warning in check time
Apr 11, 2016 11:37:52 PM tnote.parser.TNotesParserTime compareTimeFormat
WARNING: Warning in check time
Apr 11, 2016 11:37:52 PM tnote.parser.TNotesParserTime compareTimeFormat
WARNING: Warning in check time
Apr 11, 2016 11:37:52 PM tnote.parser.TNotesParserTime compareTimeFormat
WARNING: Warning in check time
Apr 11, 2016 11:37:52 PM tnote.parser.TNotesParserTime compareTimeFormat
WARNING: Warning in check time
Apr 11, 2016 11:37:52 PM tnote.parser.TNotesParserTime compareTimeFormat
WARNING: Warning in check time
Apr 11, 2016 11:37:52 PM tnote.parser.TNotesParserTime compareTimeFormat
WARNING: Warning in check time
Apr 11, 2016 11:37:52 PM tnote.parser.TNotesParserTime compareTimeFormat
WARNING: Warning in check time
Apr 11, 2016 11:37:52 PM tnote.parser.TNotesParserTime compareTimeFormat
WARNING: Warning in check time
Apr 11, 2016 11:37:52 PM tnote.parser.TNotesParserTime compareTimeFormat
WARNING: Warning in check time
Apr 11, 2016 11:37:52 PM tnote.parser.TNotesParserTime compareTimeFormat
WARNING: Warning in check time
Apr 11, 2016 11:37:52 PM tnote.parser.TNotesParserTime compareTimeFormat
WARNING: Warning in check time
Apr 11, 2016 11:37:52 PM tnote.parser.TNotesParserTime compareTimeFormat
WARNING: Warning in check time
Apr 11, 2016 11:37:52 PM tnote.parser.TNotesParserTime compareTimeFormat
WARNING: Warning in check time
Apr 11, 2016 11:37:52 PM tnote.parser.TNotesParserTime compareTimeFormat
WARNING: Warning in check time
Apr 11, 2016 11:37:52 PM tnote.parser.TNotesParserTime compareTimeFormat
WARNING: Warning in check time
Apr 11, 2016 11:37:52 PM tnote.parser.TNotesParserTime compareTimeFormat
WARNING: Warning in check time
Apr 11, 2016 11:37:52 PM tnote.parser.TNotesParserTime compareTimeFormat
WARNING: Warning in check time
Apr 11, 2016 11:37:52 PM tnote.parser.TNotesParserTime compareTimeFormat
WARNING: Warning in check time
Apr 11, 2016 11:37:52 PM tnote.parser.TNotesParserTime compareTimeFormat
WARNING: Warning in check time
Apr 11, 2016 11:37:52 PM tnote.parser.TNotesParserTime compareTimeFormat
WARNING: Warning in check time
Apr 11, 2016 11:37:52 PM tnote.parser.TNotesParserTime compareTimeFormat
WARNING: Warning in check time
Apr 11, 2016 11:37:52 PM tnote.parser.TNotesParserTime compareTimeFormat
WARNING: Warning in check time
Apr 11, 2016 11:37:52 PM tnote.parser.TNotesParserTime compareTimeFormat
WARNING: Warning in check time
Apr 11, 2016 11:37:52 PM tnote.parser.TNotesParserTime compareTimeFormat
WARNING: Warning in check time
Apr 11, 2016 11:37:52 PM tnote.parser.TNotesParserTime compareTimeFormat
WARNING: Warning in check time
Apr 11, 2016 11:37:52 PM tnote.parser.TNotesParserTime compareTimeFormat
WARNING: Warning in check time
Apr 11, 2016 11:37:52 PM tnote.parser.TNotesParserTime compareTimeFormat
WARNING: Warning in check time
Apr 11, 2016 11:37:52 PM tnote.parser.TNotesParserTime compareTimeFormat
WARNING: Warning in check time
Apr 11, 2016 11:37:52 PM tnote.parser.TNotesParserTime compareTimeFormat
WARNING: Warning in check time
Apr 11, 2016 11:37:52 PM tnote.parser.TNotesParserTime compareTimeFormat
WARNING: Warning in check time
Apr 11, 2016 11:37:52 PM tnote.parser.TNotesParserTime compareTimeFormat
WARNING: Warning in check time
Apr 11, 2016 11:37:52 PM tnote.parser.TNotesParserAdd addCommand
INFO: test Warning in parser command add
Apr 11, 2016 11:37:52 PM tnote.parser.TNotesParser checkCommand
WARNING: test Warning in parser command
Apr 11, 2016 11:37:52 PM tnote.ui.TNotesUI executeCommand
INFO: Parsed sucessfully
Apr 11, 2016 11:37:52 PM tnote.ui.TNotesUI executeCommand
INFO: Check command: add
Apr 11, 2016 11:37:52 PM tnote.logic.CommandAdd addTask
INFO: addcheck [task, 15:00]
Apr 11, 2016 11:37:52 PM tnote.storage.FileReadHandler readListFile
INFO: Successfully read from C:\TNote\overview\masterfile.txt
Apr 11, 2016 11:37:52 PM tnote.logic.CommandAdd addTask
INFO: addcheck [15:00]
Apr 11, 2016 11:37:52 PM tnote.object.TaskFile setUpDates
INFO: Dates set up for task
Apr 11, 2016 11:37:52 PM tnote.object.TaskFile setUpCal
INFO: Calendars set up for task task
Apr 11, 2016 11:37:52 PM tnote.object.TaskFile setTypeOfTask
INFO: Task type set up complete for task task
Apr 11, 2016 11:37:52 PM tnote.object.TaskFile setUpTaskFile
INFO: task task is set up
Apr 11, 2016 11:37:52 PM tnote.storage.TaskHandler checkInvalidFileName
INFO: task name task is valid
Apr 11, 2016 11:37:52 PM tnote.storage.FileReadHandler readListFile
INFO: Successfully read from C:\TNote\overview\masterfile.txt
Apr 11, 2016 11:37:52 PM tnote.storage.FileReadHandler readFolderMapFile
INFO: Successfully read from C:\TNote\overview\fileToFolderMapping.txt
Apr 11, 2016 11:37:52 PM tnote.storage.TaskHandler getTaskMonth
INFO: Month folder April is retrieved for task
Apr 11, 2016 11:37:52 PM tnote.storage.TaskHandler retrieveFolderName
INFO: April is the month folder for task
Apr 11, 2016 11:37:52 PM tnote.storage.FileWriteHandler writeNameToListFile
INFO: task appended to C:\TNote\overview\masterfile.txt
Apr 11, 2016 11:37:52 PM tnote.storage.FileWriteHandler clearFile
INFO: C:\TNote\overview\fileToFolderMapping.txt clear successfully
Apr 11, 2016 11:37:52 PM tnote.storage.MasterFileHandler writeToMonthMapFile
INFO: Month file C:\TNote\overview\fileToFolderMapping.txt is empty and can be written to
Apr 11, 2016 11:37:52 PM tnote.storage.FileWriteHandler writeToMonthMapFile
INFO: C:\TNote\overview\fileToFolderMapping.txt successfully updated
Apr 11, 2016 11:37:52 PM tnote.storage.DirectoryHandler appendParentDirectory
INFO: File path: C:\TNote\April
Apr 11, 2016 11:37:52 PM tnote.storage.TaskHandler createTaskFile
INFO: Task folder C:\TNote\April created
Apr 11, 2016 11:37:52 PM tnote.storage.DirectoryHandler addDirectoryToFile
INFO: File path: C:\TNote\April\task.txt
Apr 11, 2016 11:37:52 PM tnote.storage.TaskHandler createTaskFile
INFO: Task C:\TNote\April\task.txt created
Apr 11, 2016 11:37:52 PM tnote.storage.FileWriteHandler writeTaskToTextFile
INFO: task is saved in text file C:\TNote\April\task.txt
Apr 11, 2016 11:37:52 PM tnote.storage.FileReadHandler readListFile
INFO: Successfully read from C:\TNote\overview\masterfile.txt
Apr 11, 2016 11:37:52 PM tnote.storage.FileReadHandler readListFile
INFO: Successfully read from C:\TNote\overview\masterfile.txt
Apr 11, 2016 11:37:52 PM tnote.storage.FileReadHandler readFolderMapFile
INFO: Successfully read from C:\TNote\overview\fileToFolderMapping.txt
Apr 11, 2016 11:37:52 PM tnote.storage.TaskHandler checkInvalidFileName
INFO: task name floating is valid
Apr 11, 2016 11:37:52 PM tnote.storage.DirectoryHandler appendParentDirectory
INFO: File path: C:\TNote\floating
Apr 11, 2016 11:37:52 PM tnote.storage.DirectoryHandler addDirectoryToFile
INFO: File path: C:\TNote\floating\floating.txt
Apr 11, 2016 11:37:52 PM tnote.storage.TaskHandler getTaskFilePath
INFO: C:\TNote\floating\floating.txt is found
Apr 11, 2016 11:37:52 PM tnote.storage.FileReadHandler readTaskTextFile
INFO: Successfully read from C:\TNote\floating\floating.txt
Apr 11, 2016 11:37:52 PM tnote.object.TaskFile setUpDates
INFO: Dates set up for floating
Apr 11, 2016 11:37:52 PM tnote.object.TaskFile setUpCal
INFO: Calendars set up for task floating
Apr 11, 2016 11:37:52 PM tnote.object.TaskFile setTypeOfTask
INFO: Task type set up complete for task floating
Apr 11, 2016 11:37:52 PM tnote.object.TaskFile setUpTaskFile
INFO: task floating is set up
Apr 11, 2016 11:37:52 PM tnote.storage.FileReadHandler readListFile
INFO: Successfully read from C:\TNote\overview\masterfile.txt
Apr 11, 2016 11:37:52 PM tnote.storage.FileReadHandler readFolderMapFile
INFO: Successfully read from C:\TNote\overview\fileToFolderMapping.txt
Apr 11, 2016 11:37:52 PM tnote.storage.TaskHandler checkInvalidFileName
INFO: task name April is valid
Apr 11, 2016 11:37:52 PM tnote.storage.DirectoryHandler appendParentDirectory
INFO: File path: C:\TNote\April
Apr 11, 2016 11:37:52 PM tnote.storage.DirectoryHandler addDirectoryToFile
INFO: File path: C:\TNote\April\task.txt
Apr 11, 2016 11:37:52 PM tnote.storage.TaskHandler getTaskFilePath
INFO: C:\TNote\April\task.txt is found
Apr 11, 2016 11:37:52 PM tnote.storage.FileReadHandler readTaskTextFile
INFO: Successfully read from C:\TNote\April\task.txt
Apr 11, 2016 11:37:52 PM tnote.object.TaskFile setUpDates
INFO: Dates set up for task
Apr 11, 2016 11:37:52 PM tnote.object.TaskFile setUpCal
INFO: Calendars set up for task task
Apr 11, 2016 11:37:52 PM tnote.object.TaskFile setTypeOfTask
INFO: Task type set up complete for task task
Apr 11, 2016 11:37:52 PM tnote.object.TaskFile setUpTaskFile
INFO: task task is set up
Apr 11, 2016 11:37:52 PM tnote.storage.FileReadHandler readListFile
INFO: Successfully read from C:\TNote\overview\masterfile.txt
Apr 11, 2016 11:37:52 PM tnote.storage.FileReadHandler readFolderMapFile
INFO: Successfully read from C:\TNote\overview\fileToFolderMapping.txt
Apr 11, 2016 11:37:52 PM tnote.storage.TaskHandler checkInvalidFileName
INFO: task name floating is valid
Apr 11, 2016 11:37:52 PM tnote.storage.DirectoryHandler appendParentDirectory
INFO: File path: C:\TNote\floating
Apr 11, 2016 11:37:52 PM tnote.storage.DirectoryHandler addDirectoryToFile
INFO: File path: C:\TNote\floating\floating.txt
Apr 11, 2016 11:37:52 PM tnote.storage.TaskHandler getTaskFilePath
INFO: C:\TNote\floating\floating.txt is found
Apr 11, 2016 11:37:52 PM tnote.storage.FileReadHandler readTaskTextFile
INFO: Successfully read from C:\TNote\floating\floating.txt
Apr 11, 2016 11:37:52 PM tnote.object.TaskFile setUpDates
INFO: Dates set up for floating
Apr 11, 2016 11:37:52 PM tnote.object.TaskFile setUpCal
INFO: Calendars set up for task floating
Apr 11, 2016 11:37:52 PM tnote.object.TaskFile setTypeOfTask
INFO: Task type set up complete for task floating
Apr 11, 2016 11:37:52 PM tnote.object.TaskFile setUpTaskFile
INFO: task floating is set up
Apr 11, 2016 11:37:52 PM tnote.storage.TaskHandler checkInvalidFileName
INFO: task name April is valid
Apr 11, 2016 11:37:52 PM tnote.storage.DirectoryHandler appendParentDirectory
INFO: File path: C:\TNote\April
Apr 11, 2016 11:37:52 PM tnote.storage.DirectoryHandler addDirectoryToFile
INFO: File path: C:\TNote\April\task.txt
Apr 11, 2016 11:37:52 PM tnote.storage.TaskHandler getTaskFilePath
INFO: C:\TNote\April\task.txt is found
Apr 11, 2016 11:37:52 PM tnote.storage.FileReadHandler readTaskTextFile
INFO: Successfully read from C:\TNote\April\task.txt
Apr 11, 2016 11:37:52 PM tnote.object.TaskFile setUpDates
INFO: Dates set up for task
Apr 11, 2016 11:37:52 PM tnote.object.TaskFile setUpCal
INFO: Calendars set up for task task
Apr 11, 2016 11:37:52 PM tnote.object.TaskFile setTypeOfTask
INFO: Task type set up complete for task task
Apr 11, 2016 11:37:52 PM tnote.object.TaskFile setUpTaskFile
INFO: task task is set up
Apr 11, 2016 11:37:52 PM tnote.storage.TaskHandler getOverdueTasks
INFO: task is overdue
Apr 11, 2016 11:37:52 PM tnote.storage.TaskHandler getOverdueTasks
INFO: overdue tasks: [Task: task, Start Date: 2016-04-11, Start Time: 15:00, End Date: , End Time: , Details: , Importance: false, IsRecurring: false, IsDone: false]
Apr 11, 2016 11:37:52 PM tnote.ui.TNotesUI displayOverdueTasks
INFO: Display overdue tasks is called
Apr 11, 2016 11:37:52 PM tnote.storage.FileReadHandler readListFile
INFO: Successfully read from C:\TNote\overview\floatingtasks.txt
Apr 11, 2016 11:37:52 PM tnote.storage.FileReadHandler readListFile
INFO: Successfully read from C:\TNote\overview\floatingtasks.txt
Apr 11, 2016 11:37:52 PM tnote.storage.FileReadHandler readListFile
INFO: Successfully read from C:\TNote\overview\masterfile.txt
Apr 11, 2016 11:37:52 PM tnote.storage.FileReadHandler readFolderMapFile
INFO: Successfully read from C:\TNote\overview\fileToFolderMapping.txt
Apr 11, 2016 11:37:52 PM tnote.storage.TaskHandler checkInvalidFileName
INFO: task name floating is valid
Apr 11, 2016 11:37:52 PM tnote.storage.DirectoryHandler appendParentDirectory
INFO: File path: C:\TNote\floating
Apr 11, 2016 11:37:52 PM tnote.storage.DirectoryHandler addDirectoryToFile
INFO: File path: C:\TNote\floating\floating.txt
Apr 11, 2016 11:37:52 PM tnote.storage.TaskHandler getTaskFilePath
INFO: C:\TNote\floating\floating.txt is found
Apr 11, 2016 11:37:52 PM tnote.storage.FileReadHandler readTaskTextFile
INFO: Successfully read from C:\TNote\floating\floating.txt
Apr 11, 2016 11:37:52 PM tnote.object.TaskFile setUpDates
INFO: Dates set up for floating
Apr 11, 2016 11:37:52 PM tnote.object.TaskFile setUpCal
INFO: Calendars set up for task floating
Apr 11, 2016 11:37:52 PM tnote.object.TaskFile setTypeOfTask
INFO: Task type set up complete for task floating
Apr 11, 2016 11:37:52 PM tnote.object.TaskFile setUpTaskFile
INFO: task floating is set up
Apr 11, 2016 11:37:52 PM tnote.ui.TNotesUI displayFloats
INFO: Display notes is called
Apr 11, 2016 11:37:52 PM tnote.ui.TNotesUI displayMain
INFO: Display main screen is called
Apr 11, 2016 11:37:56 PM tnote.ui.TNotesUI executeCommand
INFO: Parsed sucessfully
Apr 11, 2016 11:37:56 PM tnote.ui.TNotesUI executeCommand
INFO: Check command: delete
Apr 11, 2016 11:37:56 PM tnote.storage.DirectoryHandler deleteMasterDirectory
INFO: Deleting parent directory: 
Apr 11, 2016 11:37:56 PM tnote.storage.DirectoryHandler deleteFile
INFO: C:\TNote\April\task.txt file deleted
Apr 11, 2016 11:37:56 PM tnote.storage.DirectoryHandler deleteAllFilesAndFolders
INFO: All files and folders in C:\TNote\April deleted
Apr 11, 2016 11:37:56 PM tnote.storage.DirectoryHandler deleteFile
INFO: C:\TNote\April file deleted
Apr 11, 2016 11:37:56 PM tnote.storage.DirectoryHandler deleteFile
INFO: C:\TNote\floating\floating.txt file deleted
Apr 11, 2016 11:37:56 PM tnote.storage.DirectoryHandler deleteAllFilesAndFolders
INFO: All files and folders in C:\TNote\floating deleted
Apr 11, 2016 11:37:56 PM tnote.storage.DirectoryHandler deleteFile
INFO: C:\TNote\floating file deleted
Apr 11, 2016 11:37:56 PM tnote.storage.DirectoryHandler deleteFile
INFO: C:\TNote\overview\fileToFolderMapping.txt file deleted
Apr 11, 2016 11:37:56 PM tnote.storage.DirectoryHandler deleteFile
INFO: C:\TNote\overview\floatingtasks.txt file deleted
Apr 11, 2016 11:37:56 PM tnote.storage.DirectoryHandler deleteFile
INFO: C:\TNote\overview\masterfile.txt file deleted
Apr 11, 2016 11:37:56 PM tnote.storage.DirectoryHandler deleteFile
INFO: C:\TNote\overview\recurringTaskEndDates.txt file deleted
Apr 11, 2016 11:37:56 PM tnote.storage.DirectoryHandler deleteFile
INFO: C:\TNote\overview\recurringTaskStartDates.txt file deleted
Apr 11, 2016 11:37:56 PM tnote.storage.DirectoryHandler deleteAllFilesAndFolders
INFO: All files and folders in C:\TNote\overview deleted
Apr 11, 2016 11:37:56 PM tnote.storage.DirectoryHandler deleteFile
INFO: C:\TNote\overview file deleted
Apr 11, 2016 11:37:56 PM tnote.storage.DirectoryHandler deleteAllFilesAndFolders
INFO: All files and folders in C:\TNote deleted
Apr 11, 2016 11:37:56 PM tnote.storage.DirectoryHandler deleteFile
INFO: C:\TNote file deleted
Apr 11, 2016 11:37:56 PM tnote.storage.DirectoryHandler deleteDirectory
INFO: Directory: C:\TNote successfully deleted
Apr 11, 2016 11:37:56 PM tnote.storage.DirectoryHandler appendParentDirectory
INFO: File path: C:\TNote\overview
Apr 11, 2016 11:37:56 PM tnote.storage.MasterFileHandler createOverviewFolder
INFO: Overview folder C:\TNote\overview created
Apr 11, 2016 11:37:56 PM tnote.storage.DirectoryHandler addDirectoryToFile
INFO: File path: C:\TNote\overview\masterfile.txt
Apr 11, 2016 11:37:56 PM tnote.storage.MasterFileHandler createAnOverviewFile
INFO: Overview file C:\TNote\overview\masterfile.txt created
Apr 11, 2016 11:37:56 PM tnote.storage.DirectoryHandler addDirectoryToFile
INFO: File path: C:\TNote\overview\floatingtasks.txt
Apr 11, 2016 11:37:56 PM tnote.storage.MasterFileHandler createAnOverviewFile
INFO: Overview file C:\TNote\overview\floatingtasks.txt created
Apr 11, 2016 11:37:56 PM tnote.storage.DirectoryHandler addDirectoryToFile
INFO: File path: C:\TNote\overview\fileToFolderMapping.txt
Apr 11, 2016 11:37:56 PM tnote.storage.MasterFileHandler createAnOverviewFile
INFO: Overview file C:\TNote\overview\fileToFolderMapping.txt created
Apr 11, 2016 11:37:56 PM tnote.storage.DirectoryHandler addDirectoryToFile
INFO: File path: C:\TNote\overview\recurringTaskStartDates.txt
Apr 11, 2016 11:37:56 PM tnote.storage.MasterFileHandler createAnOverviewFile
INFO: Overview file C:\TNote\overview\recurringTaskStartDates.txt created
Apr 11, 2016 11:37:56 PM tnote.storage.DirectoryHandler addDirectoryToFile
INFO: File path: C:\TNote\overview\recurringTaskEndDates.txt
Apr 11, 2016 11:37:56 PM tnote.storage.MasterFileHandler createAnOverviewFile
INFO: Overview file C:\TNote\overview\recurringTaskEndDates.txt created
Apr 11, 2016 11:37:56 PM tnote.storage.MasterFileHandler setUpStorage
INFO: Master Files created
Apr 11, 2016 11:37:56 PM tnote.storage.FileReadHandler readListFile
INFO: Successfully read from C:\TNote\overview\masterfile.txt
Apr 11, 2016 11:37:56 PM tnote.storage.FileReadHandler readListFile
INFO: Successfully read from C:\TNote\overview\masterfile.txt
Apr 11, 2016 11:37:56 PM tnote.storage.FileReadHandler readFolderMapFile
INFO: Successfully read from C:\TNote\overview\fileToFolderMapping.txt
Apr 11, 2016 11:37:56 PM tnote.storage.TaskHandler getOverdueTasks
INFO: overdue tasks: []
Apr 11, 2016 11:37:56 PM tnote.ui.TNotesUI displayOverdueTasks
INFO: Display overdue tasks is called
Apr 11, 2016 11:37:56 PM tnote.storage.FileReadHandler readListFile
INFO: Successfully read from C:\TNote\overview\floatingtasks.txt
Apr 11, 2016 11:37:56 PM tnote.ui.TNotesUI displayMain
INFO: Display main screen is called
Apr 11, 2016 11:37:57 PM tnote.ui.TNotesUI executeCommand
INFO: Parsed sucessfully
Apr 11, 2016 11:37:57 PM tnote.ui.TNotesUI executeCommand
INFO: Check command: exit
Apr 11, 2016 11:37:57 PM tnote.storage.FileReadHandler readListFile
INFO: Successfully read from C:\TNote\overview\masterfile.txt
Apr 11, 2016 11:37:57 PM tnote.storage.FileReadHandler readFolderMapFile
INFO: Successfully read from C:\TNote\overview\fileToFolderMapping.txt
Apr 11, 2016 11:37:57 PM tnote.storage.TaskHandler getOverdueTasks
INFO: overdue tasks: []
Apr 11, 2016 11:37:57 PM tnote.ui.TNotesUI displayOverdueTasks
INFO: Display overdue tasks is called
Apr 11, 2016 11:37:57 PM tnote.storage.FileReadHandler readListFile
INFO: Successfully read from C:\TNote\overview\floatingtasks.txt
Apr 11, 2016 11:37:57 PM tnote.ui.TNotesUI displayMain
INFO: Display main screen is called
